[2025-05-05T19:32:08.839Z] Erro ao enviar requisição para a API | Contexto: {"whatsapp":"5562992886332"}
AxiosError: Request failed with status code 404
    at settle (file:///C:/Users/desenvolvimento/Documents/PROJETOS/webhook-controle-acesso-chatpro/node_modules/axios/lib/core/settle.js:19:12)
    at IncomingMessage.handleStreamEnd (file:///C:/Users/desenvolvimento/Documents/PROJETOS/webhook-controle-acesso-chatpro/node_modules/axios/lib/adapters/http.js:599:11)
    at IncomingMessage.emit (node:events:531:35)
    at endReadableNT (node:internal/streams/readable:1696:12)
    at process.processTicksAndRejections (node:internal/process/task_queues:82:21)
    at Axios.request (file:///C:/Users/desenvolvimento/Documents/PROJETOS/webhook-controle-acesso-chatpro/node_modules/axios/lib/core/Axios.js:45:41)
    at process.processTicksAndRejections (node:internal/process/task_queues:95:5)
    at async sendRequestApi (file:///C:/Users/desenvolvimento/Documents/PROJETOS/webhook-controle-acesso-chatpro/src/controllers/messageControllers.ts:112:26)
    at async saveMsg (file:///C:/Users/desenvolvimento/Documents/PROJETOS/webhook-controle-acesso-chatpro/src/controllers/messageControllers.ts:70:29)
    at async main (file:///C:/Users/desenvolvimento/Documents/PROJETOS/webhook-controle-acesso-chatpro/src/controllers/main.ts:12:35)
    at async file:///C:/Users/desenvolvimento/Documents/PROJETOS/webhook-controle-acesso-chatpro/src/index.ts:32:9

[2025-05-05T19:32:08.842Z] Erro ao salvar a mensagem: | Contexto: {"whatsapp":"5562992886332"}
Error: Erro ao enviar requisição para a API
    at sendRequestApi (file:///C:/Users/desenvolvimento/Documents/PROJETOS/webhook-controle-acesso-chatpro/src/controllers/messageControllers.ts:121:15)
    at async saveMsg (file:///C:/Users/desenvolvimento/Documents/PROJETOS/webhook-controle-acesso-chatpro/src/controllers/messageControllers.ts:70:29)
    at async main (file:///C:/Users/desenvolvimento/Documents/PROJETOS/webhook-controle-acesso-chatpro/src/controllers/main.ts:12:35)
    at async file:///C:/Users/desenvolvimento/Documents/PROJETOS/webhook-controle-acesso-chatpro/src/index.ts:32:9

[2025-05-06T13:37:47.783Z] Erro ao enviar requisição para a API | Contexto: {"whatsapp":"5562991733837"}
AxiosError: Request failed with status code 404
    at settle (file:///C:/Users/desenvolvimento/Documents/PROJETOS/webhook-controle-acesso-chatpro/node_modules/axios/lib/core/settle.js:19:12)
    at IncomingMessage.handleStreamEnd (file:///C:/Users/desenvolvimento/Documents/PROJETOS/webhook-controle-acesso-chatpro/node_modules/axios/lib/adapters/http.js:599:11)
    at IncomingMessage.emit (node:events:531:35)
    at endReadableNT (node:internal/streams/readable:1696:12)
    at process.processTicksAndRejections (node:internal/process/task_queues:82:21)
    at Axios.request (file:///C:/Users/desenvolvimento/Documents/PROJETOS/webhook-controle-acesso-chatpro/node_modules/axios/lib/core/Axios.js:45:41)
    at process.processTicksAndRejections (node:internal/process/task_queues:95:5)
    at async sendRequestApi (file:///C:/Users/desenvolvimento/Documents/PROJETOS/webhook-controle-acesso-chatpro/src/controllers/messageControllers.ts:112:26)
    at async saveMsg (file:///C:/Users/desenvolvimento/Documents/PROJETOS/webhook-controle-acesso-chatpro/src/controllers/messageControllers.ts:70:29)
    at async main (file:///C:/Users/desenvolvimento/Documents/PROJETOS/webhook-controle-acesso-chatpro/src/controllers/main.ts:12:35)
    at async file:///C:/Users/desenvolvimento/Documents/PROJETOS/webhook-controle-acesso-chatpro/src/index.ts:32:9

[2025-05-06T13:37:47.845Z] Erro ao salvar a mensagem: | Contexto: {"whatsapp":"5562991733837"}
Error: Erro ao enviar requisição para a API
    at sendRequestApi (file:///C:/Users/desenvolvimento/Documents/PROJETOS/webhook-controle-acesso-chatpro/src/controllers/messageControllers.ts:121:15)
    at async saveMsg (file:///C:/Users/desenvolvimento/Documents/PROJETOS/webhook-controle-acesso-chatpro/src/controllers/messageControllers.ts:70:29)
    at async main (file:///C:/Users/desenvolvimento/Documents/PROJETOS/webhook-controle-acesso-chatpro/src/controllers/main.ts:12:35)
    at async file:///C:/Users/desenvolvimento/Documents/PROJETOS/webhook-controle-acesso-chatpro/src/index.ts:32:9

